[0.017s] Invoking command in '/home/liujiawei/Desktop/schoolmatch_demo/build/auto_shoot': AMENT_PREFIX_PATH=/home/liujiawei/Desktop/schoolmatch_demo/install/tdt_interface:${AMENT_PREFIX_PATH} CMAKE_PREFIX_PATH=/home/liujiawei/Desktop/schoolmatch_demo/install/tdt_interface:/opt/ros/humble LD_LIBRARY_PATH=/home/liujiawei/Desktop/schoolmatch_demo/install/tdt_interface/lib:${LD_LIBRARY_PATH} PYTHONPATH=/home/liujiawei/Desktop/schoolmatch_demo/install/tdt_interface/local/lib/python3.10/dist-packages:${PYTHONPATH} /usr/local/bin/cmake --build /home/liujiawei/Desktop/schoolmatch_demo/build/auto_shoot -- -j32 -l32
[0.071s] [100%] Built target auto_shoot_node
[0.080s] Invoked command in '/home/liujiawei/Desktop/schoolmatch_demo/build/auto_shoot' returned '0': AMENT_PREFIX_PATH=/home/liujiawei/Desktop/schoolmatch_demo/install/tdt_interface:${AMENT_PREFIX_PATH} CMAKE_PREFIX_PATH=/home/liujiawei/Desktop/schoolmatch_demo/install/tdt_interface:/opt/ros/humble LD_LIBRARY_PATH=/home/liujiawei/Desktop/schoolmatch_demo/install/tdt_interface/lib:${LD_LIBRARY_PATH} PYTHONPATH=/home/liujiawei/Desktop/schoolmatch_demo/install/tdt_interface/local/lib/python3.10/dist-packages:${PYTHONPATH} /usr/local/bin/cmake --build /home/liujiawei/Desktop/schoolmatch_demo/build/auto_shoot -- -j32 -l32
[0.139s] Invoking command in '/home/liujiawei/Desktop/schoolmatch_demo/build/auto_shoot': AMENT_PREFIX_PATH=/home/liujiawei/Desktop/schoolmatch_demo/install/tdt_interface:${AMENT_PREFIX_PATH} CMAKE_PREFIX_PATH=/home/liujiawei/Desktop/schoolmatch_demo/install/tdt_interface:/opt/ros/humble LD_LIBRARY_PATH=/home/liujiawei/Desktop/schoolmatch_demo/install/tdt_interface/lib:${LD_LIBRARY_PATH} PYTHONPATH=/home/liujiawei/Desktop/schoolmatch_demo/install/tdt_interface/local/lib/python3.10/dist-packages:${PYTHONPATH} /usr/local/bin/cmake --install /home/liujiawei/Desktop/schoolmatch_demo/build/auto_shoot
[0.147s] -- Install configuration: ""
[0.148s] -- Up-to-date: /home/liujiawei/Desktop/schoolmatch_demo/install/auto_shoot/lib/auto_shoot/auto_shoot_node
[0.148s] -- Up-to-date: /home/liujiawei/Desktop/schoolmatch_demo/install/auto_shoot/share/ament_index/resource_index/package_run_dependencies/auto_shoot
[0.149s] -- Up-to-date: /home/liujiawei/Desktop/schoolmatch_demo/install/auto_shoot/share/ament_index/resource_index/parent_prefix_path/auto_shoot
[0.149s] -- Up-to-date: /home/liujiawei/Desktop/schoolmatch_demo/install/auto_shoot/share/auto_shoot/environment/ament_prefix_path.sh
[0.149s] -- Up-to-date: /home/liujiawei/Desktop/schoolmatch_demo/install/auto_shoot/share/auto_shoot/environment/ament_prefix_path.dsv
[0.149s] -- Up-to-date: /home/liujiawei/Desktop/schoolmatch_demo/install/auto_shoot/share/auto_shoot/environment/path.sh
[0.149s] -- Up-to-date: /home/liujiawei/Desktop/schoolmatch_demo/install/auto_shoot/share/auto_shoot/environment/path.dsv
[0.149s] -- Up-to-date: /home/liujiawei/Desktop/schoolmatch_demo/install/auto_shoot/share/auto_shoot/local_setup.bash
[0.149s] -- Up-to-date: /home/liujiawei/Desktop/schoolmatch_demo/install/auto_shoot/share/auto_shoot/local_setup.sh
[0.150s] -- Up-to-date: /home/liujiawei/Desktop/schoolmatch_demo/install/auto_shoot/share/auto_shoot/local_setup.zsh
[0.150s] -- Up-to-date: /home/liujiawei/Desktop/schoolmatch_demo/install/auto_shoot/share/auto_shoot/local_setup.dsv
[0.150s] -- Installing: /home/liujiawei/Desktop/schoolmatch_demo/install/auto_shoot/share/auto_shoot/package.dsv
[0.150s] -- Up-to-date: /home/liujiawei/Desktop/schoolmatch_demo/install/auto_shoot/share/ament_index/resource_index/packages/auto_shoot
[0.150s] -- Up-to-date: /home/liujiawei/Desktop/schoolmatch_demo/install/auto_shoot/share/auto_shoot/cmake/auto_shootConfig.cmake
[0.150s] -- Up-to-date: /home/liujiawei/Desktop/schoolmatch_demo/install/auto_shoot/share/auto_shoot/cmake/auto_shootConfig-version.cmake
[0.150s] -- Up-to-date: /home/liujiawei/Desktop/schoolmatch_demo/install/auto_shoot/share/auto_shoot/package.xml
[0.152s] Invoked command in '/home/liujiawei/Desktop/schoolmatch_demo/build/auto_shoot' returned '0': AMENT_PREFIX_PATH=/home/liujiawei/Desktop/schoolmatch_demo/install/tdt_interface:${AMENT_PREFIX_PATH} CMAKE_PREFIX_PATH=/home/liujiawei/Desktop/schoolmatch_demo/install/tdt_interface:/opt/ros/humble LD_LIBRARY_PATH=/home/liujiawei/Desktop/schoolmatch_demo/install/tdt_interface/lib:${LD_LIBRARY_PATH} PYTHONPATH=/home/liujiawei/Desktop/schoolmatch_demo/install/tdt_interface/local/lib/python3.10/dist-packages:${PYTHONPATH} /usr/local/bin/cmake --install /home/liujiawei/Desktop/schoolmatch_demo/build/auto_shoot
