-- The C compiler identification is GNU 11.4.0
-- The CXX compiler identification is GNU 11.4.0
-- Detecting C compiler ABI info
-- Detecting C compiler ABI info - done
-- Check for working C compiler: /usr/bin/cc - skipped
-- Detecting C compile features
-- Detecting C compile features - done
-- Detecting CXX compiler ABI info
-- Detecting CXX compiler ABI info - done
-- Check for working CXX compiler: /usr/bin/c++ - skipped
-- Detecting CXX compile features
-- Detecting CXX compile features - done
-- Found ament_cmake: 1.3.10 (/opt/ros/humble/share/ament_cmake/cmake)
-- Found Python3: /usr/bin/python3 (found version "3.10.12") found components: Interpreter
-- Found rclcpp: 16.0.10 (/opt/ros/humble/share/rclcpp/cmake)
-- Found rosidl_generator_c: 3.1.5 (/opt/ros/humble/share/rosidl_generator_c/cmake)
-- Found rosidl_adapter: 3.1.5 (/opt/ros/humble/share/rosidl_adapter/cmake)
-- Found rosidl_generator_cpp: 3.1.5 (/opt/ros/humble/share/rosidl_generator_cpp/cmake)
-- Using all available rosidl_typesupport_c: rosidl_typesupport_fastrtps_c;rosidl_typesupport_introspection_c
-- Using all available rosidl_typesupport_cpp: rosidl_typesupport_fastrtps_cpp;rosidl_typesupport_introspection_cpp
-- Found rmw_implementation_cmake: 6.1.2 (/opt/ros/humble/share/rmw_implementation_cmake/cmake)
-- Found rmw_fastrtps_cpp: 6.2.7 (/opt/ros/humble/share/rmw_fastrtps_cpp/cmake)
-- Found OpenSSL: /usr/lib/x86_64-linux-gnu/libcrypto.so (found version "3.0.2")
-- Found FastRTPS: /opt/ros/humble/include
-- Using RMW implementation 'rmw_fastrtps_cpp' as default
-- Performing Test CMAKE_HAVE_LIBC_PTHREAD
-- Performing Test CMAKE_HAVE_LIBC_PTHREAD - Success
-- Found Threads: TRUE
-- Found sensor_msgs: 4.2.4 (/opt/ros/humble/share/sensor_msgs/cmake)
-- Found nav_msgs: 4.2.4 (/opt/ros/humble/share/nav_msgs/cmake)
-- Found cv_bridge: 3.2.1 (/opt/ros/humble/share/cv_bridge/cmake)
-- Found OpenCV: /usr/local (found version "4.7.0")
-- Found tdt_interface: 0.0.1 (/home/liujiawei/Desktop/schoolmatch_demo/install/tdt_interface/share/tdt_interface/cmake)
-- Configuring done (1.3s)
-- Generating done (0.0s)
-- Build files have been written to: /home/liujiawei/Desktop/schoolmatch_demo/build/auto_shoot
[ 50%] [32mBuilding CXX object CMakeFiles/auto_shoot_node.dir/src/autoShoot.cpp.o[0m
[100%] [32m[1mLinking CXX executable auto_shoot_node[0m
[100%] Built target auto_shoot_node
-- Install configuration: ""
-- Installing: /home/liujiawei/Desktop/schoolmatch_demo/install/auto_shoot/lib/auto_shoot/auto_shoot_node
-- Set non-toolchain portion of runtime path of "/home/liujiawei/Desktop/schoolmatch_demo/install/auto_shoot/lib/auto_shoot/auto_shoot_node" to ""
-- Installing: /home/liujiawei/Desktop/schoolmatch_demo/install/auto_shoot/share/ament_index/resource_index/package_run_dependencies/auto_shoot
-- Installing: /home/liujiawei/Desktop/schoolmatch_demo/install/auto_shoot/share/ament_index/resource_index/parent_prefix_path/auto_shoot
-- Installing: /home/liujiawei/Desktop/schoolmatch_demo/install/auto_shoot/share/auto_shoot/environment/ament_prefix_path.sh
-- Installing: /home/liujiawei/Desktop/schoolmatch_demo/install/auto_shoot/share/auto_shoot/environment/ament_prefix_path.dsv
-- Installing: /home/liujiawei/Desktop/schoolmatch_demo/install/auto_shoot/share/auto_shoot/environment/path.sh
-- Installing: /home/liujiawei/Desktop/schoolmatch_demo/install/auto_shoot/share/auto_shoot/environment/path.dsv
-- Installing: /home/liujiawei/Desktop/schoolmatch_demo/install/auto_shoot/share/auto_shoot/local_setup.bash
-- Installing: /home/liujiawei/Desktop/schoolmatch_demo/install/auto_shoot/share/auto_shoot/local_setup.sh
-- Installing: /home/liujiawei/Desktop/schoolmatch_demo/install/auto_shoot/share/auto_shoot/local_setup.zsh
-- Installing: /home/liujiawei/Desktop/schoolmatch_demo/install/auto_shoot/share/auto_shoot/local_setup.dsv
-- Installing: /home/liujiawei/Desktop/schoolmatch_demo/install/auto_shoot/share/auto_shoot/package.dsv
-- Installing: /home/liujiawei/Desktop/schoolmatch_demo/install/auto_shoot/share/ament_index/resource_index/packages/auto_shoot
-- Installing: /home/liujiawei/Desktop/schoolmatch_demo/install/auto_shoot/share/auto_shoot/cmake/auto_shootConfig.cmake
-- Installing: /home/liujiawei/Desktop/schoolmatch_demo/install/auto_shoot/share/auto_shoot/cmake/auto_shootConfig-version.cmake
-- Installing: /home/liujiawei/Desktop/schoolmatch_demo/install/auto_shoot/share/auto_shoot/package.xml
