[0.107s] DEBUG:colcon:Command line arguments: ['/usr/bin/colcon', 'build']
[0.107s] DEBUG:colcon:Parsed command line arguments: Namespace(log_base=None, log_level=None, verb_name='build', build_base='build', install_base='install', merge_install=False, symlink_install=False, test_result_base=None, continue_on_error=False, executor='parallel', parallel_workers=32, event_handlers=None, ignore_user_meta=False, metas=['./colcon.meta'], base_paths=['.'], packages_ignore=None, packages_ignore_regex=None, paths=None, packages_up_to=None, packages_up_to_regex=None, packages_above=None, packages_above_and_dependencies=None, packages_above_depth=None, packages_select_by_dep=None, packages_skip_by_dep=None, packages_skip_up_to=None, packages_select_build_failed=False, packages_skip_build_finished=False, packages_select_test_failures=False, packages_skip_test_passed=False, packages_select=None, packages_skip=None, packages_select_regex=None, packages_skip_regex=None, packages_start=None, packages_end=None, allow_overriding=[], cmake_args=None, cmake_target=None, cmake_target_skip_unavailable=False, cmake_clean_cache=False, cmake_clean_first=False, cmake_force_configure=False, ament_cmake_args=None, catkin_cmake_args=None, catkin_skip_building_tests=False, verb_parser=<colcon_defaults.argument_parser.defaults.DefaultArgumentsDecorator object at 0x70bee7d3c6d0>, verb_extension=<colcon_core.verb.build.BuildVerb object at 0x70bee7e3d240>, main=<bound method BuildVerb.main of <colcon_core.verb.build.BuildVerb object at 0x70bee7e3d240>>)
[0.261s] Level 1:colcon.colcon_core.package_discovery:discover_packages(colcon_meta) check parameters
[0.261s] Level 1:colcon.colcon_core.package_discovery:discover_packages(recursive) check parameters
[0.261s] Level 1:colcon.colcon_core.package_discovery:discover_packages(ignore) check parameters
[0.261s] Level 1:colcon.colcon_core.package_discovery:discover_packages(path) check parameters
[0.261s] Level 1:colcon.colcon_core.package_discovery:discover_packages(colcon_meta) discover
[0.261s] Level 1:colcon.colcon_core.package_discovery:discover_packages(recursive) discover
[0.261s] INFO:colcon.colcon_core.package_discovery:Crawling recursively for packages in '/home/liujiawei/Desktop/schoolmatch_demo'
[0.261s] Level 1:colcon.colcon_core.package_identification:_identify(.) by extensions ['ignore', 'ignore_ament_install']
[0.261s] Level 1:colcon.colcon_core.package_identification:_identify(.) by extension 'ignore'
[0.261s] Level 1:colcon.colcon_core.package_identification:_identify(.) by extension 'ignore_ament_install'
[0.261s] Level 1:colcon.colcon_core.package_identification:_identify(.) by extensions ['colcon_pkg']
[0.261s] Level 1:colcon.colcon_core.package_identification:_identify(.) by extension 'colcon_pkg'
[0.261s] Level 1:colcon.colcon_core.package_identification:_identify(.) by extensions ['colcon_meta']
[0.261s] Level 1:colcon.colcon_core.package_identification:_identify(.) by extension 'colcon_meta'
[0.261s] Level 1:colcon.colcon_core.package_identification:_identify(.) by extensions ['ros']
[0.261s] Level 1:colcon.colcon_core.package_identification:_identify(.) by extension 'ros'
[0.274s] Level 1:colcon.colcon_core.package_identification:_identify(.) by extensions ['cmake', 'python']
[0.274s] Level 1:colcon.colcon_core.package_identification:_identify(.) by extension 'cmake'
[0.274s] Level 1:colcon.colcon_core.package_identification:_identify(.) by extension 'python'
[0.274s] Level 1:colcon.colcon_core.package_identification:_identify(.) by extensions ['python_setup_py']
[0.274s] Level 1:colcon.colcon_core.package_identification:_identify(.) by extension 'python_setup_py'
[0.274s] Level 1:colcon.colcon_core.package_identification:_identify(build) by extensions ['ignore', 'ignore_ament_install']
[0.274s] Level 1:colcon.colcon_core.package_identification:_identify(build) by extension 'ignore'
[0.274s] Level 1:colcon.colcon_core.package_identification:_identify(build) ignored
[0.274s] Level 1:colcon.colcon_core.package_identification:_identify(install) by extensions ['ignore', 'ignore_ament_install']
[0.274s] Level 1:colcon.colcon_core.package_identification:_identify(install) by extension 'ignore'
[0.274s] Level 1:colcon.colcon_core.package_identification:_identify(install) ignored
[0.274s] Level 1:colcon.colcon_core.package_identification:_identify(log) by extensions ['ignore', 'ignore_ament_install']
[0.275s] Level 1:colcon.colcon_core.package_identification:_identify(log) by extension 'ignore'
[0.275s] Level 1:colcon.colcon_core.package_identification:_identify(log) ignored
[0.275s] Level 1:colcon.colcon_core.package_identification:_identify(src) by extensions ['ignore', 'ignore_ament_install']
[0.275s] Level 1:colcon.colcon_core.package_identification:_identify(src) by extension 'ignore'
[0.275s] Level 1:colcon.colcon_core.package_identification:_identify(src) by extension 'ignore_ament_install'
[0.275s] Level 1:colcon.colcon_core.package_identification:_identify(src) by extensions ['colcon_pkg']
[0.275s] Level 1:colcon.colcon_core.package_identification:_identify(src) by extension 'colcon_pkg'
[0.275s] Level 1:colcon.colcon_core.package_identification:_identify(src) by extensions ['colcon_meta']
[0.275s] Level 1:colcon.colcon_core.package_identification:_identify(src) by extension 'colcon_meta'
[0.275s] Level 1:colcon.colcon_core.package_identification:_identify(src) by extensions ['ros']
[0.275s] Level 1:colcon.colcon_core.package_identification:_identify(src) by extension 'ros'
[0.275s] Level 1:colcon.colcon_core.package_identification:_identify(src) by extensions ['cmake', 'python']
[0.275s] Level 1:colcon.colcon_core.package_identification:_identify(src) by extension 'cmake'
[0.275s] Level 1:colcon.colcon_core.package_identification:_identify(src) by extension 'python'
[0.275s] Level 1:colcon.colcon_core.package_identification:_identify(src) by extensions ['python_setup_py']
[0.275s] Level 1:colcon.colcon_core.package_identification:_identify(src) by extension 'python_setup_py'
[0.275s] Level 1:colcon.colcon_core.package_identification:_identify(src/auto_shoot) by extensions ['ignore', 'ignore_ament_install']
[0.275s] Level 1:colcon.colcon_core.package_identification:_identify(src/auto_shoot) by extension 'ignore'
[0.275s] Level 1:colcon.colcon_core.package_identification:_identify(src/auto_shoot) by extension 'ignore_ament_install'
[0.275s] Level 1:colcon.colcon_core.package_identification:_identify(src/auto_shoot) by extensions ['colcon_pkg']
[0.275s] Level 1:colcon.colcon_core.package_identification:_identify(src/auto_shoot) by extension 'colcon_pkg'
[0.275s] Level 1:colcon.colcon_core.package_identification:_identify(src/auto_shoot) by extensions ['colcon_meta']
[0.276s] Level 1:colcon.colcon_core.package_identification:_identify(src/auto_shoot) by extension 'colcon_meta'
[0.276s] Level 1:colcon.colcon_core.package_identification:_identify(src/auto_shoot) by extensions ['ros']
[0.276s] Level 1:colcon.colcon_core.package_identification:_identify(src/auto_shoot) by extension 'ros'
[0.279s] DEBUG:colcon.colcon_core.package_identification:Package 'src/auto_shoot' with type 'ros.ament_cmake' and name 'auto_shoot'
[0.280s] Level 1:colcon.colcon_core.package_identification:_identify(src/tdt_interface) by extensions ['ignore', 'ignore_ament_install']
[0.280s] Level 1:colcon.colcon_core.package_identification:_identify(src/tdt_interface) by extension 'ignore'
[0.280s] Level 1:colcon.colcon_core.package_identification:_identify(src/tdt_interface) by extension 'ignore_ament_install'
[0.280s] Level 1:colcon.colcon_core.package_identification:_identify(src/tdt_interface) by extensions ['colcon_pkg']
[0.280s] Level 1:colcon.colcon_core.package_identification:_identify(src/tdt_interface) by extension 'colcon_pkg'
[0.280s] Level 1:colcon.colcon_core.package_identification:_identify(src/tdt_interface) by extensions ['colcon_meta']
[0.280s] Level 1:colcon.colcon_core.package_identification:_identify(src/tdt_interface) by extension 'colcon_meta'
[0.280s] Level 1:colcon.colcon_core.package_identification:_identify(src/tdt_interface) by extensions ['ros']
[0.280s] Level 1:colcon.colcon_core.package_identification:_identify(src/tdt_interface) by extension 'ros'
[0.281s] DEBUG:colcon.colcon_core.package_identification:Package 'src/tdt_interface' with type 'ros.ament_cmake' and name 'tdt_interface'
[0.281s] Level 1:colcon.colcon_core.package_discovery:discover_packages(recursive) using defaults
[0.281s] Level 1:colcon.colcon_core.package_discovery:discover_packages(ignore) discover
[0.281s] Level 1:colcon.colcon_core.package_discovery:discover_packages(ignore) using defaults
[0.281s] Level 1:colcon.colcon_core.package_discovery:discover_packages(path) discover
[0.281s] Level 1:colcon.colcon_core.package_discovery:discover_packages(path) using defaults
[0.302s] Level 1:colcon.colcon_core.package_discovery:discover_packages(prefix_path) check parameters
[0.303s] Level 1:colcon.colcon_core.package_discovery:discover_packages(prefix_path) discover
[0.305s] DEBUG:colcon.colcon_installed_package_information.package_discovery:Found 272 installed packages in /opt/ros/humble
[0.306s] Level 1:colcon.colcon_core.package_discovery:discover_packages(prefix_path) using defaults
[0.351s] Level 5:colcon.colcon_core.verb:set package 'tdt_interface' build argument 'cmake_args' from command line to 'None'
[0.351s] Level 5:colcon.colcon_core.verb:set package 'tdt_interface' build argument 'cmake_target' from command line to 'None'
[0.351s] Level 5:colcon.colcon_core.verb:set package 'tdt_interface' build argument 'cmake_target_skip_unavailable' from command line to 'False'
[0.351s] Level 5:colcon.colcon_core.verb:set package 'tdt_interface' build argument 'cmake_clean_cache' from command line to 'False'
[0.351s] Level 5:colcon.colcon_core.verb:set package 'tdt_interface' build argument 'cmake_clean_first' from command line to 'False'
[0.352s] Level 5:colcon.colcon_core.verb:set package 'tdt_interface' build argument 'cmake_force_configure' from command line to 'False'
[0.352s] Level 5:colcon.colcon_core.verb:set package 'tdt_interface' build argument 'ament_cmake_args' from command line to 'None'
[0.352s] Level 5:colcon.colcon_core.verb:set package 'tdt_interface' build argument 'catkin_cmake_args' from command line to 'None'
[0.352s] Level 5:colcon.colcon_core.verb:set package 'tdt_interface' build argument 'catkin_skip_building_tests' from command line to 'False'
[0.352s] DEBUG:colcon.colcon_core.verb:Building package 'tdt_interface' with the following arguments: {'ament_cmake_args': None, 'build_base': '/home/liujiawei/Desktop/schoolmatch_demo/build/tdt_interface', 'catkin_cmake_args': None, 'catkin_skip_building_tests': False, 'cmake_args': None, 'cmake_clean_cache': False, 'cmake_clean_first': False, 'cmake_force_configure': False, 'cmake_target': None, 'cmake_target_skip_unavailable': False, 'install_base': '/home/liujiawei/Desktop/schoolmatch_demo/install/tdt_interface', 'merge_install': False, 'path': '/home/liujiawei/Desktop/schoolmatch_demo/src/tdt_interface', 'symlink_install': False, 'test_result_base': None}
[0.352s] Level 5:colcon.colcon_core.verb:set package 'auto_shoot' build argument 'cmake_args' from command line to 'None'
[0.352s] Level 5:colcon.colcon_core.verb:set package 'auto_shoot' build argument 'cmake_target' from command line to 'None'
[0.352s] Level 5:colcon.colcon_core.verb:set package 'auto_shoot' build argument 'cmake_target_skip_unavailable' from command line to 'False'
[0.352s] Level 5:colcon.colcon_core.verb:set package 'auto_shoot' build argument 'cmake_clean_cache' from command line to 'False'
[0.352s] Level 5:colcon.colcon_core.verb:set package 'auto_shoot' build argument 'cmake_clean_first' from command line to 'False'
[0.352s] Level 5:colcon.colcon_core.verb:set package 'auto_shoot' build argument 'cmake_force_configure' from command line to 'False'
[0.352s] Level 5:colcon.colcon_core.verb:set package 'auto_shoot' build argument 'ament_cmake_args' from command line to 'None'
[0.352s] Level 5:colcon.colcon_core.verb:set package 'auto_shoot' build argument 'catkin_cmake_args' from command line to 'None'
[0.352s] Level 5:colcon.colcon_core.verb:set package 'auto_shoot' build argument 'catkin_skip_building_tests' from command line to 'False'
[0.352s] DEBUG:colcon.colcon_core.verb:Building package 'auto_shoot' with the following arguments: {'ament_cmake_args': None, 'build_base': '/home/liujiawei/Desktop/schoolmatch_demo/build/auto_shoot', 'catkin_cmake_args': None, 'catkin_skip_building_tests': False, 'cmake_args': None, 'cmake_clean_cache': False, 'cmake_clean_first': False, 'cmake_force_configure': False, 'cmake_target': None, 'cmake_target_skip_unavailable': False, 'install_base': '/home/liujiawei/Desktop/schoolmatch_demo/install/auto_shoot', 'merge_install': False, 'path': '/home/liujiawei/Desktop/schoolmatch_demo/src/auto_shoot', 'symlink_install': False, 'test_result_base': None}
[0.352s] INFO:colcon.colcon_core.executor:Executing jobs using 'parallel' executor
[0.354s] DEBUG:colcon.colcon_parallel_executor.executor.parallel:run_until_complete
[0.354s] INFO:colcon.colcon_ros.task.ament_cmake.build:Building ROS package in '/home/liujiawei/Desktop/schoolmatch_demo/src/tdt_interface' with build type 'ament_cmake'
[0.354s] INFO:colcon.colcon_cmake.task.cmake.build:Building CMake package in '/home/liujiawei/Desktop/schoolmatch_demo/src/tdt_interface'
[0.356s] INFO:colcon.colcon_core.plugin_system:Skipping extension 'colcon_core.shell.bat': Not used on non-Windows systems
[0.356s] INFO:colcon.colcon_core.shell:Skip shell extension 'powershell' for command environment: Not usable outside of PowerShell
[0.356s] DEBUG:colcon.colcon_core.shell:Skip shell extension 'dsv' for command environment
[0.364s] DEBUG:colcon.colcon_core.event_handler.log_command:Invoking command in '/home/liujiawei/Desktop/schoolmatch_demo/build/tdt_interface': CMAKE_PREFIX_PATH=/opt/ros/humble /usr/local/bin/cmake /home/liujiawei/Desktop/schoolmatch_demo/src/tdt_interface -DCMAKE_INSTALL_PREFIX=/home/liujiawei/Desktop/schoolmatch_demo/install/tdt_interface
[3.567s] DEBUG:colcon.colcon_core.event_handler.log_command:Invoked command in '/home/liujiawei/Desktop/schoolmatch_demo/build/tdt_interface' returned '0': CMAKE_PREFIX_PATH=/opt/ros/humble /usr/local/bin/cmake /home/liujiawei/Desktop/schoolmatch_demo/src/tdt_interface -DCMAKE_INSTALL_PREFIX=/home/liujiawei/Desktop/schoolmatch_demo/install/tdt_interface
[3.570s] DEBUG:colcon.colcon_core.event_handler.log_command:Invoking command in '/home/liujiawei/Desktop/schoolmatch_demo/build/tdt_interface': CMAKE_PREFIX_PATH=/opt/ros/humble /usr/local/bin/cmake --build /home/liujiawei/Desktop/schoolmatch_demo/build/tdt_interface -- -j32 -l32
[5.678s] DEBUG:colcon.colcon_core.event_handler.log_command:Invoked command in '/home/liujiawei/Desktop/schoolmatch_demo/build/tdt_interface' returned '0': CMAKE_PREFIX_PATH=/opt/ros/humble /usr/local/bin/cmake --build /home/liujiawei/Desktop/schoolmatch_demo/build/tdt_interface -- -j32 -l32
[5.830s] DEBUG:colcon.colcon_core.event_handler.log_command:Invoking command in '/home/liujiawei/Desktop/schoolmatch_demo/build/tdt_interface': CMAKE_PREFIX_PATH=/opt/ros/humble /usr/local/bin/cmake --install /home/liujiawei/Desktop/schoolmatch_demo/build/tdt_interface
[5.893s] Level 1:colcon.colcon_core.environment:create_environment_scripts_only(tdt_interface)
[5.893s] DEBUG:colcon.colcon_core.event_handler.log_command:Invoked command in '/home/liujiawei/Desktop/schoolmatch_demo/build/tdt_interface' returned '0': CMAKE_PREFIX_PATH=/opt/ros/humble /usr/local/bin/cmake --install /home/liujiawei/Desktop/schoolmatch_demo/build/tdt_interface
[5.895s] Level 1:colcon.colcon_core.environment:checking '/home/liujiawei/Desktop/schoolmatch_demo/install/tdt_interface' for CMake module files
[5.896s] Level 1:colcon.colcon_core.environment:checking '/home/liujiawei/Desktop/schoolmatch_demo/install/tdt_interface' for CMake config files
[5.896s] Level 1:colcon.colcon_core.shell:create_environment_hook('tdt_interface', 'cmake_prefix_path')
[5.896s] INFO:colcon.colcon_core.shell:Creating environment hook '/home/liujiawei/Desktop/schoolmatch_demo/install/tdt_interface/share/tdt_interface/hook/cmake_prefix_path.ps1'
[5.897s] INFO:colcon.colcon_core.shell:Creating environment descriptor '/home/liujiawei/Desktop/schoolmatch_demo/install/tdt_interface/share/tdt_interface/hook/cmake_prefix_path.dsv'
[5.897s] INFO:colcon.colcon_core.shell:Creating environment hook '/home/liujiawei/Desktop/schoolmatch_demo/install/tdt_interface/share/tdt_interface/hook/cmake_prefix_path.sh'
[5.898s] Level 1:colcon.colcon_core.environment:checking '/home/liujiawei/Desktop/schoolmatch_demo/install/tdt_interface/lib'
[5.898s] Level 1:colcon.colcon_core.shell:create_environment_hook('tdt_interface', 'ld_library_path_lib')
[5.898s] INFO:colcon.colcon_core.shell:Creating environment hook '/home/liujiawei/Desktop/schoolmatch_demo/install/tdt_interface/share/tdt_interface/hook/ld_library_path_lib.ps1'
[5.899s] INFO:colcon.colcon_core.shell:Creating environment descriptor '/home/liujiawei/Desktop/schoolmatch_demo/install/tdt_interface/share/tdt_interface/hook/ld_library_path_lib.dsv'
[5.899s] INFO:colcon.colcon_core.shell:Creating environment hook '/home/liujiawei/Desktop/schoolmatch_demo/install/tdt_interface/share/tdt_interface/hook/ld_library_path_lib.sh'
[5.899s] Level 1:colcon.colcon_core.environment:checking '/home/liujiawei/Desktop/schoolmatch_demo/install/tdt_interface/bin'
[5.899s] Level 1:colcon.colcon_core.environment:checking '/home/liujiawei/Desktop/schoolmatch_demo/install/tdt_interface/lib/pkgconfig/tdt_interface.pc'
[5.900s] Level 1:colcon.colcon_core.environment:checking '/home/liujiawei/Desktop/schoolmatch_demo/install/tdt_interface/lib/python3.10/site-packages'
[5.900s] Level 1:colcon.colcon_core.environment:checking '/home/liujiawei/Desktop/schoolmatch_demo/install/tdt_interface/bin'
[5.900s] INFO:colcon.colcon_core.shell:Creating package script '/home/liujiawei/Desktop/schoolmatch_demo/install/tdt_interface/share/tdt_interface/package.ps1'
[5.901s] INFO:colcon.colcon_core.shell:Creating package descriptor '/home/liujiawei/Desktop/schoolmatch_demo/install/tdt_interface/share/tdt_interface/package.dsv'
[5.901s] INFO:colcon.colcon_core.shell:Creating package script '/home/liujiawei/Desktop/schoolmatch_demo/install/tdt_interface/share/tdt_interface/package.sh'
[5.902s] INFO:colcon.colcon_core.shell:Creating package script '/home/liujiawei/Desktop/schoolmatch_demo/install/tdt_interface/share/tdt_interface/package.bash'
[5.903s] INFO:colcon.colcon_core.shell:Creating package script '/home/liujiawei/Desktop/schoolmatch_demo/install/tdt_interface/share/tdt_interface/package.zsh'
[5.903s] Level 1:colcon.colcon_core.environment:create_file_with_runtime_dependencies(/home/liujiawei/Desktop/schoolmatch_demo/install/tdt_interface/share/colcon-core/packages/tdt_interface)
[6.038s] Level 1:colcon.colcon_core.environment:create_environment_scripts_only(tdt_interface)
[6.038s] Level 1:colcon.colcon_core.environment:checking '/home/liujiawei/Desktop/schoolmatch_demo/install/tdt_interface' for CMake module files
[6.039s] Level 1:colcon.colcon_core.environment:checking '/home/liujiawei/Desktop/schoolmatch_demo/install/tdt_interface' for CMake config files
[6.039s] Level 1:colcon.colcon_core.shell:create_environment_hook('tdt_interface', 'cmake_prefix_path')
[6.039s] INFO:colcon.colcon_core.shell:Creating environment hook '/home/liujiawei/Desktop/schoolmatch_demo/install/tdt_interface/share/tdt_interface/hook/cmake_prefix_path.ps1'
[6.040s] INFO:colcon.colcon_core.shell:Creating environment descriptor '/home/liujiawei/Desktop/schoolmatch_demo/install/tdt_interface/share/tdt_interface/hook/cmake_prefix_path.dsv'
[6.040s] INFO:colcon.colcon_core.shell:Creating environment hook '/home/liujiawei/Desktop/schoolmatch_demo/install/tdt_interface/share/tdt_interface/hook/cmake_prefix_path.sh'
[6.041s] Level 1:colcon.colcon_core.environment:checking '/home/liujiawei/Desktop/schoolmatch_demo/install/tdt_interface/lib'
[6.041s] Level 1:colcon.colcon_core.shell:create_environment_hook('tdt_interface', 'ld_library_path_lib')
[6.041s] INFO:colcon.colcon_core.shell:Creating environment hook '/home/liujiawei/Desktop/schoolmatch_demo/install/tdt_interface/share/tdt_interface/hook/ld_library_path_lib.ps1'
[6.041s] INFO:colcon.colcon_core.shell:Creating environment descriptor '/home/liujiawei/Desktop/schoolmatch_demo/install/tdt_interface/share/tdt_interface/hook/ld_library_path_lib.dsv'
[6.042s] INFO:colcon.colcon_core.shell:Creating environment hook '/home/liujiawei/Desktop/schoolmatch_demo/install/tdt_interface/share/tdt_interface/hook/ld_library_path_lib.sh'
[6.042s] Level 1:colcon.colcon_core.environment:checking '/home/liujiawei/Desktop/schoolmatch_demo/install/tdt_interface/bin'
[6.042s] Level 1:colcon.colcon_core.environment:checking '/home/liujiawei/Desktop/schoolmatch_demo/install/tdt_interface/lib/pkgconfig/tdt_interface.pc'
[6.042s] Level 1:colcon.colcon_core.environment:checking '/home/liujiawei/Desktop/schoolmatch_demo/install/tdt_interface/lib/python3.10/site-packages'
[6.042s] Level 1:colcon.colcon_core.environment:checking '/home/liujiawei/Desktop/schoolmatch_demo/install/tdt_interface/bin'
[6.043s] INFO:colcon.colcon_core.shell:Creating package script '/home/liujiawei/Desktop/schoolmatch_demo/install/tdt_interface/share/tdt_interface/package.ps1'
[6.043s] INFO:colcon.colcon_core.shell:Creating package descriptor '/home/liujiawei/Desktop/schoolmatch_demo/install/tdt_interface/share/tdt_interface/package.dsv'
[6.044s] INFO:colcon.colcon_core.shell:Creating package script '/home/liujiawei/Desktop/schoolmatch_demo/install/tdt_interface/share/tdt_interface/package.sh'
[6.044s] INFO:colcon.colcon_core.shell:Creating package script '/home/liujiawei/Desktop/schoolmatch_demo/install/tdt_interface/share/tdt_interface/package.bash'
[6.044s] INFO:colcon.colcon_core.shell:Creating package script '/home/liujiawei/Desktop/schoolmatch_demo/install/tdt_interface/share/tdt_interface/package.zsh'
[6.045s] Level 1:colcon.colcon_core.environment:create_file_with_runtime_dependencies(/home/liujiawei/Desktop/schoolmatch_demo/install/tdt_interface/share/colcon-core/packages/tdt_interface)
[6.045s] INFO:colcon.colcon_ros.task.ament_cmake.build:Building ROS package in '/home/liujiawei/Desktop/schoolmatch_demo/src/auto_shoot' with build type 'ament_cmake'
[6.045s] INFO:colcon.colcon_cmake.task.cmake.build:Building CMake package in '/home/liujiawei/Desktop/schoolmatch_demo/src/auto_shoot'
[6.045s] INFO:colcon.colcon_core.shell:Skip shell extension 'powershell' for command environment: Not usable outside of PowerShell
[6.046s] DEBUG:colcon.colcon_core.shell:Skip shell extension 'dsv' for command environment
[6.058s] DEBUG:colcon.colcon_core.event_handler.log_command:Invoking command in '/home/liujiawei/Desktop/schoolmatch_demo/build/auto_shoot': AMENT_PREFIX_PATH=/home/liujiawei/Desktop/schoolmatch_demo/install/tdt_interface:${AMENT_PREFIX_PATH} CMAKE_PREFIX_PATH=/home/liujiawei/Desktop/schoolmatch_demo/install/tdt_interface:/opt/ros/humble LD_LIBRARY_PATH=/home/liujiawei/Desktop/schoolmatch_demo/install/tdt_interface/lib:${LD_LIBRARY_PATH} PYTHONPATH=/home/liujiawei/Desktop/schoolmatch_demo/install/tdt_interface/local/lib/python3.10/dist-packages:${PYTHONPATH} /usr/local/bin/cmake /home/liujiawei/Desktop/schoolmatch_demo/src/auto_shoot -DCMAKE_INSTALL_PREFIX=/home/liujiawei/Desktop/schoolmatch_demo/install/auto_shoot
[7.406s] DEBUG:colcon.colcon_core.event_handler.log_command:Invoked command in '/home/liujiawei/Desktop/schoolmatch_demo/build/auto_shoot' returned '0': AMENT_PREFIX_PATH=/home/liujiawei/Desktop/schoolmatch_demo/install/tdt_interface:${AMENT_PREFIX_PATH} CMAKE_PREFIX_PATH=/home/liujiawei/Desktop/schoolmatch_demo/install/tdt_interface:/opt/ros/humble LD_LIBRARY_PATH=/home/liujiawei/Desktop/schoolmatch_demo/install/tdt_interface/lib:${LD_LIBRARY_PATH} PYTHONPATH=/home/liujiawei/Desktop/schoolmatch_demo/install/tdt_interface/local/lib/python3.10/dist-packages:${PYTHONPATH} /usr/local/bin/cmake /home/liujiawei/Desktop/schoolmatch_demo/src/auto_shoot -DCMAKE_INSTALL_PREFIX=/home/liujiawei/Desktop/schoolmatch_demo/install/auto_shoot
[7.408s] DEBUG:colcon.colcon_core.event_handler.log_command:Invoking command in '/home/liujiawei/Desktop/schoolmatch_demo/build/auto_shoot': AMENT_PREFIX_PATH=/home/liujiawei/Desktop/schoolmatch_demo/install/tdt_interface:${AMENT_PREFIX_PATH} CMAKE_PREFIX_PATH=/home/liujiawei/Desktop/schoolmatch_demo/install/tdt_interface:/opt/ros/humble LD_LIBRARY_PATH=/home/liujiawei/Desktop/schoolmatch_demo/install/tdt_interface/lib:${LD_LIBRARY_PATH} PYTHONPATH=/home/liujiawei/Desktop/schoolmatch_demo/install/tdt_interface/local/lib/python3.10/dist-packages:${PYTHONPATH} /usr/local/bin/cmake --build /home/liujiawei/Desktop/schoolmatch_demo/build/auto_shoot -- -j32 -l32
[30.774s] DEBUG:colcon.colcon_core.event_handler.log_command:Invoked command in '/home/liujiawei/Desktop/schoolmatch_demo/build/auto_shoot' returned '0': AMENT_PREFIX_PATH=/home/liujiawei/Desktop/schoolmatch_demo/install/tdt_interface:${AMENT_PREFIX_PATH} CMAKE_PREFIX_PATH=/home/liujiawei/Desktop/schoolmatch_demo/install/tdt_interface:/opt/ros/humble LD_LIBRARY_PATH=/home/liujiawei/Desktop/schoolmatch_demo/install/tdt_interface/lib:${LD_LIBRARY_PATH} PYTHONPATH=/home/liujiawei/Desktop/schoolmatch_demo/install/tdt_interface/local/lib/python3.10/dist-packages:${PYTHONPATH} /usr/local/bin/cmake --build /home/liujiawei/Desktop/schoolmatch_demo/build/auto_shoot -- -j32 -l32
[30.808s] DEBUG:colcon.colcon_core.event_handler.log_command:Invoking command in '/home/liujiawei/Desktop/schoolmatch_demo/build/auto_shoot': AMENT_PREFIX_PATH=/home/liujiawei/Desktop/schoolmatch_demo/install/tdt_interface:${AMENT_PREFIX_PATH} CMAKE_PREFIX_PATH=/home/liujiawei/Desktop/schoolmatch_demo/install/tdt_interface:/opt/ros/humble LD_LIBRARY_PATH=/home/liujiawei/Desktop/schoolmatch_demo/install/tdt_interface/lib:${LD_LIBRARY_PATH} PYTHONPATH=/home/liujiawei/Desktop/schoolmatch_demo/install/tdt_interface/local/lib/python3.10/dist-packages:${PYTHONPATH} /usr/local/bin/cmake --install /home/liujiawei/Desktop/schoolmatch_demo/build/auto_shoot
[30.831s] Level 1:colcon.colcon_core.environment:create_environment_scripts_only(auto_shoot)
[30.832s] Level 1:colcon.colcon_core.environment:checking '/home/liujiawei/Desktop/schoolmatch_demo/install/auto_shoot' for CMake module files
[30.832s] DEBUG:colcon.colcon_core.event_handler.log_command:Invoked command in '/home/liujiawei/Desktop/schoolmatch_demo/build/auto_shoot' returned '0': AMENT_PREFIX_PATH=/home/liujiawei/Desktop/schoolmatch_demo/install/tdt_interface:${AMENT_PREFIX_PATH} CMAKE_PREFIX_PATH=/home/liujiawei/Desktop/schoolmatch_demo/install/tdt_interface:/opt/ros/humble LD_LIBRARY_PATH=/home/liujiawei/Desktop/schoolmatch_demo/install/tdt_interface/lib:${LD_LIBRARY_PATH} PYTHONPATH=/home/liujiawei/Desktop/schoolmatch_demo/install/tdt_interface/local/lib/python3.10/dist-packages:${PYTHONPATH} /usr/local/bin/cmake --install /home/liujiawei/Desktop/schoolmatch_demo/build/auto_shoot
[30.832s] Level 1:colcon.colcon_core.environment:checking '/home/liujiawei/Desktop/schoolmatch_demo/install/auto_shoot' for CMake config files
[30.833s] Level 1:colcon.colcon_core.shell:create_environment_hook('auto_shoot', 'cmake_prefix_path')
[30.833s] INFO:colcon.colcon_core.shell:Creating environment hook '/home/liujiawei/Desktop/schoolmatch_demo/install/auto_shoot/share/auto_shoot/hook/cmake_prefix_path.ps1'
[30.833s] INFO:colcon.colcon_core.shell:Creating environment descriptor '/home/liujiawei/Desktop/schoolmatch_demo/install/auto_shoot/share/auto_shoot/hook/cmake_prefix_path.dsv'
[30.834s] INFO:colcon.colcon_core.shell:Creating environment hook '/home/liujiawei/Desktop/schoolmatch_demo/install/auto_shoot/share/auto_shoot/hook/cmake_prefix_path.sh'
[30.834s] Level 1:colcon.colcon_core.environment:checking '/home/liujiawei/Desktop/schoolmatch_demo/install/auto_shoot/lib'
[30.834s] Level 1:colcon.colcon_core.environment:checking '/home/liujiawei/Desktop/schoolmatch_demo/install/auto_shoot/bin'
[30.834s] Level 1:colcon.colcon_core.environment:checking '/home/liujiawei/Desktop/schoolmatch_demo/install/auto_shoot/lib/pkgconfig/auto_shoot.pc'
[30.835s] Level 1:colcon.colcon_core.environment:checking '/home/liujiawei/Desktop/schoolmatch_demo/install/auto_shoot/lib/python3.10/site-packages'
[30.835s] Level 1:colcon.colcon_core.environment:checking '/home/liujiawei/Desktop/schoolmatch_demo/install/auto_shoot/bin'
[30.835s] INFO:colcon.colcon_core.shell:Creating package script '/home/liujiawei/Desktop/schoolmatch_demo/install/auto_shoot/share/auto_shoot/package.ps1'
[30.836s] INFO:colcon.colcon_core.shell:Creating package descriptor '/home/liujiawei/Desktop/schoolmatch_demo/install/auto_shoot/share/auto_shoot/package.dsv'
[30.836s] INFO:colcon.colcon_core.shell:Creating package script '/home/liujiawei/Desktop/schoolmatch_demo/install/auto_shoot/share/auto_shoot/package.sh'
[30.837s] INFO:colcon.colcon_core.shell:Creating package script '/home/liujiawei/Desktop/schoolmatch_demo/install/auto_shoot/share/auto_shoot/package.bash'
[30.837s] INFO:colcon.colcon_core.shell:Creating package script '/home/liujiawei/Desktop/schoolmatch_demo/install/auto_shoot/share/auto_shoot/package.zsh'
[30.838s] Level 1:colcon.colcon_core.environment:create_file_with_runtime_dependencies(/home/liujiawei/Desktop/schoolmatch_demo/install/auto_shoot/share/colcon-core/packages/auto_shoot)
[30.885s] Level 1:colcon.colcon_core.environment:create_environment_scripts_only(auto_shoot)
[30.886s] Level 1:colcon.colcon_core.environment:checking '/home/liujiawei/Desktop/schoolmatch_demo/install/auto_shoot' for CMake module files
[30.886s] Level 1:colcon.colcon_core.environment:checking '/home/liujiawei/Desktop/schoolmatch_demo/install/auto_shoot' for CMake config files
[30.887s] Level 1:colcon.colcon_core.shell:create_environment_hook('auto_shoot', 'cmake_prefix_path')
[30.887s] INFO:colcon.colcon_core.shell:Creating environment hook '/home/liujiawei/Desktop/schoolmatch_demo/install/auto_shoot/share/auto_shoot/hook/cmake_prefix_path.ps1'
[30.888s] INFO:colcon.colcon_core.shell:Creating environment descriptor '/home/liujiawei/Desktop/schoolmatch_demo/install/auto_shoot/share/auto_shoot/hook/cmake_prefix_path.dsv'
[30.889s] INFO:colcon.colcon_core.shell:Creating environment hook '/home/liujiawei/Desktop/schoolmatch_demo/install/auto_shoot/share/auto_shoot/hook/cmake_prefix_path.sh'
[30.889s] Level 1:colcon.colcon_core.environment:checking '/home/liujiawei/Desktop/schoolmatch_demo/install/auto_shoot/lib'
[30.889s] Level 1:colcon.colcon_core.environment:checking '/home/liujiawei/Desktop/schoolmatch_demo/install/auto_shoot/bin'
[30.889s] Level 1:colcon.colcon_core.environment:checking '/home/liujiawei/Desktop/schoolmatch_demo/install/auto_shoot/lib/pkgconfig/auto_shoot.pc'
[30.890s] Level 1:colcon.colcon_core.environment:checking '/home/liujiawei/Desktop/schoolmatch_demo/install/auto_shoot/lib/python3.10/site-packages'
[30.890s] Level 1:colcon.colcon_core.environment:checking '/home/liujiawei/Desktop/schoolmatch_demo/install/auto_shoot/bin'
[30.891s] INFO:colcon.colcon_core.shell:Creating package script '/home/liujiawei/Desktop/schoolmatch_demo/install/auto_shoot/share/auto_shoot/package.ps1'
[30.891s] INFO:colcon.colcon_core.shell:Creating package descriptor '/home/liujiawei/Desktop/schoolmatch_demo/install/auto_shoot/share/auto_shoot/package.dsv'
[30.892s] INFO:colcon.colcon_core.shell:Creating package script '/home/liujiawei/Desktop/schoolmatch_demo/install/auto_shoot/share/auto_shoot/package.sh'
[30.892s] INFO:colcon.colcon_core.shell:Creating package script '/home/liujiawei/Desktop/schoolmatch_demo/install/auto_shoot/share/auto_shoot/package.bash'
[30.892s] INFO:colcon.colcon_core.shell:Creating package script '/home/liujiawei/Desktop/schoolmatch_demo/install/auto_shoot/share/auto_shoot/package.zsh'
[30.893s] Level 1:colcon.colcon_core.environment:create_file_with_runtime_dependencies(/home/liujiawei/Desktop/schoolmatch_demo/install/auto_shoot/share/colcon-core/packages/auto_shoot)
[30.893s] DEBUG:colcon.colcon_parallel_executor.executor.parallel:closing loop
[30.893s] DEBUG:colcon.colcon_parallel_executor.executor.parallel:loop closed
[30.893s] DEBUG:colcon.colcon_parallel_executor.executor.parallel:run_until_complete finished with '0'
[30.893s] DEBUG:colcon.colcon_core.event_reactor:joining thread
[30.899s] INFO:colcon.colcon_core.plugin_system:Skipping extension 'colcon_notification.desktop_notification.terminal_notifier': Not used on non-Darwin systems
[30.899s] INFO:colcon.colcon_core.plugin_system:Skipping extension 'colcon_notification.desktop_notification.win32': Not used on non-Windows systems
[30.900s] INFO:colcon.colcon_notification.desktop_notification:Sending desktop notification using 'notify2'
[30.922s] DEBUG:colcon.colcon_core.event_reactor:joined thread
[30.923s] INFO:colcon.colcon_core.shell:Creating prefix script '/home/liujiawei/Desktop/schoolmatch_demo/install/local_setup.ps1'
[30.924s] INFO:colcon.colcon_core.shell:Creating prefix util module '/home/liujiawei/Desktop/schoolmatch_demo/install/_local_setup_util_ps1.py'
[30.925s] INFO:colcon.colcon_core.shell:Creating prefix chain script '/home/liujiawei/Desktop/schoolmatch_demo/install/setup.ps1'
[30.926s] INFO:colcon.colcon_core.shell:Creating prefix script '/home/liujiawei/Desktop/schoolmatch_demo/install/local_setup.sh'
[30.927s] INFO:colcon.colcon_core.shell:Creating prefix util module '/home/liujiawei/Desktop/schoolmatch_demo/install/_local_setup_util_sh.py'
[30.927s] INFO:colcon.colcon_core.shell:Creating prefix chain script '/home/liujiawei/Desktop/schoolmatch_demo/install/setup.sh'
[30.928s] INFO:colcon.colcon_core.shell:Creating prefix script '/home/liujiawei/Desktop/schoolmatch_demo/install/local_setup.bash'
[30.928s] INFO:colcon.colcon_core.shell:Creating prefix chain script '/home/liujiawei/Desktop/schoolmatch_demo/install/setup.bash'
[30.929s] INFO:colcon.colcon_core.shell:Creating prefix script '/home/liujiawei/Desktop/schoolmatch_demo/install/local_setup.zsh'
[30.930s] INFO:colcon.colcon_core.shell:Creating prefix chain script '/home/liujiawei/Desktop/schoolmatch_demo/install/setup.zsh'
