-- The C compiler identification is GNU 11.4.0
-- The CXX compiler identification is GNU 11.4.0
-- Detecting C compiler ABI info
-- Detecting C compiler ABI info - done
-- Check for working C compiler: /usr/bin/cc - skipped
-- Detecting C compile features
-- Detecting C compile features - done
-- Detecting CXX compiler ABI info
-- Detecting CXX compiler ABI info - done
-- Check for working CXX compiler: /usr/bin/c++ - skipped
-- Detecting CXX compile features
-- Detecting CXX compile features - done
-- Found ament_cmake: 1.3.10 (/opt/ros/humble/share/ament_cmake/cmake)
-- Found Python3: /usr/bin/python3 (found version "3.10.12") found components: Interpreter
-- Found rclcpp: 16.0.10 (/opt/ros/humble/share/rclcpp/cmake)
-- Found rosidl_generator_c: 3.1.5 (/opt/ros/humble/share/rosidl_generator_c/cmake)
-- Found rosidl_adapter: 3.1.5 (/opt/ros/humble/share/rosidl_adapter/cmake)
-- Found rosidl_generator_cpp: 3.1.5 (/opt/ros/humble/share/rosidl_generator_cpp/cmake)
-- Using all available rosidl_typesupport_c: rosidl_typesupport_fastrtps_c;rosidl_typesupport_introspection_c
-- Using all available rosidl_typesupport_cpp: rosidl_typesupport_fastrtps_cpp;rosidl_typesupport_introspection_cpp
-- Found rmw_implementation_cmake: 6.1.2 (/opt/ros/humble/share/rmw_implementation_cmake/cmake)
-- Found rmw_fastrtps_cpp: 6.2.7 (/opt/ros/humble/share/rmw_fastrtps_cpp/cmake)
-- Found OpenSSL: /usr/lib/x86_64-linux-gnu/libcrypto.so (found version "3.0.2")
-- Found FastRTPS: /opt/ros/humble/include
-- Using RMW implementation 'rmw_fastrtps_cpp' as default
-- Performing Test CMAKE_HAVE_LIBC_PTHREAD
-- Performing Test CMAKE_HAVE_LIBC_PTHREAD - Success
-- Found Threads: TRUE
-- Found rosidl_default_generators: 1.2.0 (/opt/ros/humble/share/rosidl_default_generators/cmake)
-- Found ament_cmake_ros: 0.10.0 (/opt/ros/humble/share/ament_cmake_ros/cmake)
-- Using all available rosidl_typesupport_c: rosidl_typesupport_fastrtps_c;rosidl_typesupport_introspection_c
-- Using all available rosidl_typesupport_cpp: rosidl_typesupport_fastrtps_cpp;rosidl_typesupport_introspection_cpp
[33mCMake Warning (dev) at /opt/ros/humble/share/rosidl_generator_py/cmake/rosidl_generator_py_generate_interfaces.cmake:20 (find_package):
  Policy CMP0148 is not set: The FindPythonInterp and FindPythonLibs modules
  are removed.  Run "cmake --help-policy CMP0148" for policy details.  Use
  the cmake_policy command to set the policy and suppress this warning.

Call Stack (most recent call first):
  /opt/ros/humble/share/ament_cmake_core/cmake/core/ament_execute_extensions.cmake:48 (include)
  /opt/ros/humble/share/rosidl_cmake/cmake/rosidl_generate_interfaces.cmake:286 (ament_execute_extensions)
  CMakeLists.txt:15 (rosidl_generate_interfaces)
This warning is for project developers.  Use -Wno-dev to suppress it.
[0m
-- Found PythonInterp: /usr/bin/python3 (found suitable version "3.10.12", minimum required is "3.6")
-- Found python_cmake_module: 0.10.0 (/opt/ros/humble/share/python_cmake_module/cmake)
[33mCMake Warning (dev) at /opt/ros/humble/share/python_cmake_module/cmake/Modules/FindPythonExtra.cmake:52 (find_package):
  Policy CMP0148 is not set: The FindPythonInterp and FindPythonLibs modules
  are removed.  Run "cmake --help-policy CMP0148" for policy details.  Use
  the cmake_policy command to set the policy and suppress this warning.

Call Stack (most recent call first):
  /opt/ros/humble/share/rosidl_generator_py/cmake/rosidl_generator_py_generate_interfaces.cmake:23 (find_package)
  /opt/ros/humble/share/ament_cmake_core/cmake/core/ament_execute_extensions.cmake:48 (include)
  /opt/ros/humble/share/rosidl_cmake/cmake/rosidl_generate_interfaces.cmake:286 (ament_execute_extensions)
  CMakeLists.txt:15 (rosidl_generate_interfaces)
This warning is for project developers.  Use -Wno-dev to suppress it.
[0m
[33mCMake Warning (dev) at /opt/ros/humble/share/python_cmake_module/cmake/Modules/FindPythonExtra.cmake:140 (find_package):
  Policy CMP0148 is not set: The FindPythonInterp and FindPythonLibs modules
  are removed.  Run "cmake --help-policy CMP0148" for policy details.  Use
  the cmake_policy command to set the policy and suppress this warning.

Call Stack (most recent call first):
  /opt/ros/humble/share/rosidl_generator_py/cmake/rosidl_generator_py_generate_interfaces.cmake:23 (find_package)
  /opt/ros/humble/share/ament_cmake_core/cmake/core/ament_execute_extensions.cmake:48 (include)
  /opt/ros/humble/share/rosidl_cmake/cmake/rosidl_generate_interfaces.cmake:286 (ament_execute_extensions)
  CMakeLists.txt:15 (rosidl_generate_interfaces)
This warning is for project developers.  Use -Wno-dev to suppress it.
[0m
-- Found PythonLibs: /usr/lib/x86_64-linux-gnu/libpython3.10.so (found suitable version "3.10.12", minimum required is "3.5")
-- Using PYTHON_EXECUTABLE: /usr/bin/python3
-- Using PYTHON_INCLUDE_DIRS: /usr/include/python3.10
-- Using PYTHON_LIBRARIES: /usr/lib/x86_64-linux-gnu/libpython3.10.so
-- Found PythonExtra: .so
-- Configuring done (3.1s)
-- Generating done (0.0s)
-- Build files have been written to: /home/liujiawei/Desktop/schoolmatch_demo/build/tdt_interface
[  2%] [34m[1mGenerating C code for ROS interfaces[0m
[  5%] [34m[1mGenerating C++ code for ROS interfaces[0m
[  5%] Built target ament_cmake_python_copy_tdt_interface
running egg_info
creating tdt_interface.egg-info
writing tdt_interface.egg-info/PKG-INFO
writing dependency_links to tdt_interface.egg-info/dependency_links.txt
writing top-level names to tdt_interface.egg-info/top_level.txt
writing manifest file 'tdt_interface.egg-info/SOURCES.txt'
reading manifest file 'tdt_interface.egg-info/SOURCES.txt'
writing manifest file 'tdt_interface.egg-info/SOURCES.txt'
[  5%] Built target ament_cmake_python_build_tdt_interface_egg
[  5%] Built target tdt_interface__cpp
[  7%] [34m[1mGenerating C++ type support for eProsima Fast-RTPS[0m
[ 10%] [34m[1mGenerating C++ introspection for ROS interfaces[0m
[ 12%] [34m[1mGenerating C++ type support dispatch for ROS interfaces[0m
[ 15%] [32mBuilding C object CMakeFiles/tdt_interface__rosidl_generator_c.dir/rosidl_generator_c/tdt_interface/msg/detail/send_data__functions.c.o[0m
[ 17%] [32mBuilding C object CMakeFiles/tdt_interface__rosidl_generator_c.dir/rosidl_generator_c/tdt_interface/msg/detail/receive_data__functions.c.o[0m
[ 20%] [32m[1mLinking C shared library libtdt_interface__rosidl_generator_c.so[0m
[ 20%] Built target tdt_interface__rosidl_generator_c
[ 23%] [34m[1mGenerating C type support for eProsima Fast-RTPS[0m
[ 25%] [34m[1mGenerating C type support dispatch for ROS interfaces[0m
[ 28%] [34m[1mGenerating C introspection for ROS interfaces[0m
[ 30%] [32mBuilding CXX object CMakeFiles/tdt_interface__rosidl_typesupport_cpp.dir/rosidl_typesupport_cpp/tdt_interface/msg/send_data__type_support.cpp.o[0m
[ 33%] [32mBuilding CXX object CMakeFiles/tdt_interface__rosidl_typesupport_cpp.dir/rosidl_typesupport_cpp/tdt_interface/msg/receive_data__type_support.cpp.o[0m
[ 35%] [32mBuilding CXX object CMakeFiles/tdt_interface__rosidl_typesupport_introspection_cpp.dir/rosidl_typesupport_introspection_cpp/tdt_interface/msg/detail/send_data__type_support.cpp.o[0m
[ 38%] [32mBuilding CXX object CMakeFiles/tdt_interface__rosidl_typesupport_introspection_cpp.dir/rosidl_typesupport_introspection_cpp/tdt_interface/msg/detail/receive_data__type_support.cpp.o[0m
[ 41%] [32mBuilding CXX object CMakeFiles/tdt_interface__rosidl_typesupport_fastrtps_cpp.dir/rosidl_typesupport_fastrtps_cpp/tdt_interface/msg/detail/dds_fastrtps/send_data__type_support.cpp.o[0m
[ 43%] [32mBuilding CXX object CMakeFiles/tdt_interface__rosidl_typesupport_fastrtps_cpp.dir/rosidl_typesupport_fastrtps_cpp/tdt_interface/msg/detail/dds_fastrtps/receive_data__type_support.cpp.o[0m
[ 46%] [32mBuilding CXX object CMakeFiles/tdt_interface__rosidl_typesupport_c.dir/rosidl_typesupport_c/tdt_interface/msg/receive_data__type_support.cpp.o[0m
[ 48%] [32mBuilding CXX object CMakeFiles/tdt_interface__rosidl_typesupport_c.dir/rosidl_typesupport_c/tdt_interface/msg/send_data__type_support.cpp.o[0m
[ 51%] [32m[1mLinking CXX shared library libtdt_interface__rosidl_typesupport_c.so[0m
[ 56%] [32mBuilding CXX object CMakeFiles/tdt_interface__rosidl_typesupport_fastrtps_c.dir/rosidl_typesupport_fastrtps_c/tdt_interface/msg/detail/send_data__type_support_c.cpp.o[0m
[ 56%] [32mBuilding CXX object CMakeFiles/tdt_interface__rosidl_typesupport_fastrtps_c.dir/rosidl_typesupport_fastrtps_c/tdt_interface/msg/detail/receive_data__type_support_c.cpp.o[0m
[ 56%] Built target tdt_interface__rosidl_typesupport_c
[ 58%] [32mBuilding C object CMakeFiles/tdt_interface__rosidl_typesupport_introspection_c.dir/rosidl_typesupport_introspection_c/tdt_interface/msg/detail/send_data__type_support.c.o[0m
[ 61%] [32mBuilding C object CMakeFiles/tdt_interface__rosidl_typesupport_introspection_c.dir/rosidl_typesupport_introspection_c/tdt_interface/msg/detail/receive_data__type_support.c.o[0m
[ 64%] [32m[1mLinking CXX shared library libtdt_interface__rosidl_typesupport_cpp.so[0m
[ 66%] [32m[1mLinking C shared library libtdt_interface__rosidl_typesupport_introspection_c.so[0m
[ 66%] Built target tdt_interface__rosidl_typesupport_cpp
[ 66%] Built target tdt_interface__rosidl_typesupport_introspection_c
[ 69%] [32m[1mLinking CXX shared library libtdt_interface__rosidl_typesupport_fastrtps_cpp.so[0m
[ 69%] Built target tdt_interface__rosidl_typesupport_fastrtps_cpp
[ 71%] [32m[1mLinking CXX shared library libtdt_interface__rosidl_typesupport_fastrtps_c.so[0m
[ 74%] [32m[1mLinking CXX shared library libtdt_interface__rosidl_typesupport_introspection_cpp.so[0m
[ 74%] Built target tdt_interface__rosidl_typesupport_fastrtps_c
[ 74%] Built target tdt_interface__rosidl_typesupport_introspection_cpp
[ 74%] Built target tdt_interface
[ 76%] [34m[1mGenerating Python code for ROS interfaces[0m
[ 76%] Built target tdt_interface__py
[ 79%] [32mBuilding C object CMakeFiles/tdt_interface__rosidl_generator_py.dir/rosidl_generator_py/tdt_interface/msg/_send_data_s.c.o[0m
[ 82%] [32mBuilding C object CMakeFiles/tdt_interface__rosidl_generator_py.dir/rosidl_generator_py/tdt_interface/msg/_receive_data_s.c.o[0m
[ 84%] [32m[1mLinking C shared library rosidl_generator_py/tdt_interface/libtdt_interface__rosidl_generator_py.so[0m
[ 84%] Built target tdt_interface__rosidl_generator_py
[ 87%] [32mBuilding C object CMakeFiles/tdt_interface__rosidl_typesupport_introspection_c__pyext.dir/rosidl_generator_py/tdt_interface/_tdt_interface_s.ep.rosidl_typesupport_introspection_c.c.o[0m
[ 89%] [32mBuilding C object CMakeFiles/tdt_interface__rosidl_typesupport_fastrtps_c__pyext.dir/rosidl_generator_py/tdt_interface/_tdt_interface_s.ep.rosidl_typesupport_fastrtps_c.c.o[0m
[ 92%] [32mBuilding C object CMakeFiles/tdt_interface__rosidl_typesupport_c__pyext.dir/rosidl_generator_py/tdt_interface/_tdt_interface_s.ep.rosidl_typesupport_c.c.o[0m
[ 94%] [32m[1mLinking C shared library rosidl_generator_py/tdt_interface/tdt_interface_s__rosidl_typesupport_fastrtps_c.cpython-310-x86_64-linux-gnu.so[0m
[ 97%] [32m[1mLinking C shared library rosidl_generator_py/tdt_interface/tdt_interface_s__rosidl_typesupport_introspection_c.cpython-310-x86_64-linux-gnu.so[0m
[100%] [32m[1mLinking C shared library rosidl_generator_py/tdt_interface/tdt_interface_s__rosidl_typesupport_c.cpython-310-x86_64-linux-gnu.so[0m
[100%] Built target tdt_interface__rosidl_typesupport_fastrtps_c__pyext
[100%] Built target tdt_interface__rosidl_typesupport_c__pyext
[100%] Built target tdt_interface__rosidl_typesupport_introspection_c__pyext
-- Install configuration: ""
-- Installing: /home/liujiawei/Desktop/schoolmatch_demo/install/tdt_interface/share/ament_index/resource_index/rosidl_interfaces/tdt_interface
-- Installing: /home/liujiawei/Desktop/schoolmatch_demo/install/tdt_interface/include/tdt_interface/tdt_interface
-- Installing: /home/liujiawei/Desktop/schoolmatch_demo/install/tdt_interface/include/tdt_interface/tdt_interface/msg
-- Installing: /home/liujiawei/Desktop/schoolmatch_demo/install/tdt_interface/include/tdt_interface/tdt_interface/msg/send_data.h
-- Installing: /home/liujiawei/Desktop/schoolmatch_demo/install/tdt_interface/include/tdt_interface/tdt_interface/msg/detail
-- Installing: /home/liujiawei/Desktop/schoolmatch_demo/install/tdt_interface/include/tdt_interface/tdt_interface/msg/detail/receive_data__functions.h
-- Installing: /home/liujiawei/Desktop/schoolmatch_demo/install/tdt_interface/include/tdt_interface/tdt_interface/msg/detail/receive_data__type_support.h
-- Installing: /home/liujiawei/Desktop/schoolmatch_demo/install/tdt_interface/include/tdt_interface/tdt_interface/msg/detail/send_data__functions.c
-- Installing: /home/liujiawei/Desktop/schoolmatch_demo/install/tdt_interface/include/tdt_interface/tdt_interface/msg/detail/send_data__functions.h
-- Installing: /home/liujiawei/Desktop/schoolmatch_demo/install/tdt_interface/include/tdt_interface/tdt_interface/msg/detail/receive_data__functions.c
-- Installing: /home/liujiawei/Desktop/schoolmatch_demo/install/tdt_interface/include/tdt_interface/tdt_interface/msg/detail/send_data__type_support.h
-- Installing: /home/liujiawei/Desktop/schoolmatch_demo/install/tdt_interface/include/tdt_interface/tdt_interface/msg/detail/send_data__struct.h
-- Installing: /home/liujiawei/Desktop/schoolmatch_demo/install/tdt_interface/include/tdt_interface/tdt_interface/msg/detail/receive_data__struct.h
-- Installing: /home/liujiawei/Desktop/schoolmatch_demo/install/tdt_interface/include/tdt_interface/tdt_interface/msg/rosidl_generator_c__visibility_control.h
-- Installing: /home/liujiawei/Desktop/schoolmatch_demo/install/tdt_interface/include/tdt_interface/tdt_interface/msg/receive_data.h
-- Installing: /home/liujiawei/Desktop/schoolmatch_demo/install/tdt_interface/share/tdt_interface/environment/library_path.sh
-- Installing: /home/liujiawei/Desktop/schoolmatch_demo/install/tdt_interface/share/tdt_interface/environment/library_path.dsv
-- Installing: /home/liujiawei/Desktop/schoolmatch_demo/install/tdt_interface/lib/libtdt_interface__rosidl_generator_c.so
-- Set non-toolchain portion of runtime path of "/home/liujiawei/Desktop/schoolmatch_demo/install/tdt_interface/lib/libtdt_interface__rosidl_generator_c.so" to ""
-- Up-to-date: /home/liujiawei/Desktop/schoolmatch_demo/install/tdt_interface/include/tdt_interface/tdt_interface
-- Up-to-date: /home/liujiawei/Desktop/schoolmatch_demo/install/tdt_interface/include/tdt_interface/tdt_interface/msg
-- Up-to-date: /home/liujiawei/Desktop/schoolmatch_demo/install/tdt_interface/include/tdt_interface/tdt_interface/msg/detail
-- Installing: /home/liujiawei/Desktop/schoolmatch_demo/install/tdt_interface/include/tdt_interface/tdt_interface/msg/detail/receive_data__rosidl_typesupport_fastrtps_c.h
-- Installing: /home/liujiawei/Desktop/schoolmatch_demo/install/tdt_interface/include/tdt_interface/tdt_interface/msg/detail/send_data__rosidl_typesupport_fastrtps_c.h
-- Installing: /home/liujiawei/Desktop/schoolmatch_demo/install/tdt_interface/include/tdt_interface/tdt_interface/msg/rosidl_typesupport_fastrtps_c__visibility_control.h
-- Installing: /home/liujiawei/Desktop/schoolmatch_demo/install/tdt_interface/lib/libtdt_interface__rosidl_typesupport_fastrtps_c.so
-- Set non-toolchain portion of runtime path of "/home/liujiawei/Desktop/schoolmatch_demo/install/tdt_interface/lib/libtdt_interface__rosidl_typesupport_fastrtps_c.so" to ""
-- Up-to-date: /home/liujiawei/Desktop/schoolmatch_demo/install/tdt_interface/include/tdt_interface/tdt_interface
-- Up-to-date: /home/liujiawei/Desktop/schoolmatch_demo/install/tdt_interface/include/tdt_interface/tdt_interface/msg
-- Installing: /home/liujiawei/Desktop/schoolmatch_demo/install/tdt_interface/include/tdt_interface/tdt_interface/msg/receive_data.hpp
-- Up-to-date: /home/liujiawei/Desktop/schoolmatch_demo/install/tdt_interface/include/tdt_interface/tdt_interface/msg/detail
-- Installing: /home/liujiawei/Desktop/schoolmatch_demo/install/tdt_interface/include/tdt_interface/tdt_interface/msg/detail/receive_data__builder.hpp
-- Installing: /home/liujiawei/Desktop/schoolmatch_demo/install/tdt_interface/include/tdt_interface/tdt_interface/msg/detail/send_data__builder.hpp
-- Installing: /home/liujiawei/Desktop/schoolmatch_demo/install/tdt_interface/include/tdt_interface/tdt_interface/msg/detail/send_data__struct.hpp
-- Installing: /home/liujiawei/Desktop/schoolmatch_demo/install/tdt_interface/include/tdt_interface/tdt_interface/msg/detail/receive_data__struct.hpp
-- Installing: /home/liujiawei/Desktop/schoolmatch_demo/install/tdt_interface/include/tdt_interface/tdt_interface/msg/detail/send_data__traits.hpp
-- Installing: /home/liujiawei/Desktop/schoolmatch_demo/install/tdt_interface/include/tdt_interface/tdt_interface/msg/detail/receive_data__traits.hpp
-- Installing: /home/liujiawei/Desktop/schoolmatch_demo/install/tdt_interface/include/tdt_interface/tdt_interface/msg/send_data.hpp
-- Up-to-date: /home/liujiawei/Desktop/schoolmatch_demo/install/tdt_interface/include/tdt_interface/tdt_interface
-- Up-to-date: /home/liujiawei/Desktop/schoolmatch_demo/install/tdt_interface/include/tdt_interface/tdt_interface/msg
-- Installing: /home/liujiawei/Desktop/schoolmatch_demo/install/tdt_interface/include/tdt_interface/tdt_interface/msg/rosidl_typesupport_fastrtps_cpp__visibility_control.h
-- Up-to-date: /home/liujiawei/Desktop/schoolmatch_demo/install/tdt_interface/include/tdt_interface/tdt_interface/msg/detail
-- Installing: /home/liujiawei/Desktop/schoolmatch_demo/install/tdt_interface/include/tdt_interface/tdt_interface/msg/detail/send_data__rosidl_typesupport_fastrtps_cpp.hpp
-- Installing: /home/liujiawei/Desktop/schoolmatch_demo/install/tdt_interface/include/tdt_interface/tdt_interface/msg/detail/receive_data__rosidl_typesupport_fastrtps_cpp.hpp
-- Installing: /home/liujiawei/Desktop/schoolmatch_demo/install/tdt_interface/include/tdt_interface/tdt_interface/msg/detail/dds_fastrtps
-- Installing: /home/liujiawei/Desktop/schoolmatch_demo/install/tdt_interface/lib/libtdt_interface__rosidl_typesupport_fastrtps_cpp.so
-- Set non-toolchain portion of runtime path of "/home/liujiawei/Desktop/schoolmatch_demo/install/tdt_interface/lib/libtdt_interface__rosidl_typesupport_fastrtps_cpp.so" to ""
-- Up-to-date: /home/liujiawei/Desktop/schoolmatch_demo/install/tdt_interface/include/tdt_interface/tdt_interface
-- Up-to-date: /home/liujiawei/Desktop/schoolmatch_demo/install/tdt_interface/include/tdt_interface/tdt_interface/msg
-- Installing: /home/liujiawei/Desktop/schoolmatch_demo/install/tdt_interface/include/tdt_interface/tdt_interface/msg/rosidl_typesupport_introspection_c__visibility_control.h
-- Up-to-date: /home/liujiawei/Desktop/schoolmatch_demo/install/tdt_interface/include/tdt_interface/tdt_interface/msg/detail
-- Installing: /home/liujiawei/Desktop/schoolmatch_demo/install/tdt_interface/include/tdt_interface/tdt_interface/msg/detail/send_data__rosidl_typesupport_introspection_c.h
-- Installing: /home/liujiawei/Desktop/schoolmatch_demo/install/tdt_interface/include/tdt_interface/tdt_interface/msg/detail/send_data__type_support.c
-- Installing: /home/liujiawei/Desktop/schoolmatch_demo/install/tdt_interface/include/tdt_interface/tdt_interface/msg/detail/receive_data__rosidl_typesupport_introspection_c.h
-- Installing: /home/liujiawei/Desktop/schoolmatch_demo/install/tdt_interface/include/tdt_interface/tdt_interface/msg/detail/receive_data__type_support.c
-- Installing: /home/liujiawei/Desktop/schoolmatch_demo/install/tdt_interface/lib/libtdt_interface__rosidl_typesupport_introspection_c.so
-- Set non-toolchain portion of runtime path of "/home/liujiawei/Desktop/schoolmatch_demo/install/tdt_interface/lib/libtdt_interface__rosidl_typesupport_introspection_c.so" to ""
-- Installing: /home/liujiawei/Desktop/schoolmatch_demo/install/tdt_interface/lib/libtdt_interface__rosidl_typesupport_c.so
-- Set non-toolchain portion of runtime path of "/home/liujiawei/Desktop/schoolmatch_demo/install/tdt_interface/lib/libtdt_interface__rosidl_typesupport_c.so" to ""
-- Up-to-date: /home/liujiawei/Desktop/schoolmatch_demo/install/tdt_interface/include/tdt_interface/tdt_interface
-- Up-to-date: /home/liujiawei/Desktop/schoolmatch_demo/install/tdt_interface/include/tdt_interface/tdt_interface/msg
-- Up-to-date: /home/liujiawei/Desktop/schoolmatch_demo/install/tdt_interface/include/tdt_interface/tdt_interface/msg/detail
-- Installing: /home/liujiawei/Desktop/schoolmatch_demo/install/tdt_interface/include/tdt_interface/tdt_interface/msg/detail/receive_data__type_support.cpp
-- Installing: /home/liujiawei/Desktop/schoolmatch_demo/install/tdt_interface/include/tdt_interface/tdt_interface/msg/detail/send_data__rosidl_typesupport_introspection_cpp.hpp
-- Installing: /home/liujiawei/Desktop/schoolmatch_demo/install/tdt_interface/include/tdt_interface/tdt_interface/msg/detail/send_data__type_support.cpp
-- Installing: /home/liujiawei/Desktop/schoolmatch_demo/install/tdt_interface/include/tdt_interface/tdt_interface/msg/detail/receive_data__rosidl_typesupport_introspection_cpp.hpp
-- Installing: /home/liujiawei/Desktop/schoolmatch_demo/install/tdt_interface/lib/libtdt_interface__rosidl_typesupport_introspection_cpp.so
-- Set non-toolchain portion of runtime path of "/home/liujiawei/Desktop/schoolmatch_demo/install/tdt_interface/lib/libtdt_interface__rosidl_typesupport_introspection_cpp.so" to ""
-- Installing: /home/liujiawei/Desktop/schoolmatch_demo/install/tdt_interface/lib/libtdt_interface__rosidl_typesupport_cpp.so
-- Set non-toolchain portion of runtime path of "/home/liujiawei/Desktop/schoolmatch_demo/install/tdt_interface/lib/libtdt_interface__rosidl_typesupport_cpp.so" to ""
-- Installing: /home/liujiawei/Desktop/schoolmatch_demo/install/tdt_interface/share/tdt_interface/environment/pythonpath.sh
-- Installing: /home/liujiawei/Desktop/schoolmatch_demo/install/tdt_interface/share/tdt_interface/environment/pythonpath.dsv
-- Installing: /home/liujiawei/Desktop/schoolmatch_demo/install/tdt_interface/local/lib/python3.10/dist-packages/tdt_interface-0.0.1-py3.10.egg-info
-- Installing: /home/liujiawei/Desktop/schoolmatch_demo/install/tdt_interface/local/lib/python3.10/dist-packages/tdt_interface-0.0.1-py3.10.egg-info/PKG-INFO
-- Installing: /home/liujiawei/Desktop/schoolmatch_demo/install/tdt_interface/local/lib/python3.10/dist-packages/tdt_interface-0.0.1-py3.10.egg-info/SOURCES.txt
-- Installing: /home/liujiawei/Desktop/schoolmatch_demo/install/tdt_interface/local/lib/python3.10/dist-packages/tdt_interface-0.0.1-py3.10.egg-info/dependency_links.txt
-- Installing: /home/liujiawei/Desktop/schoolmatch_demo/install/tdt_interface/local/lib/python3.10/dist-packages/tdt_interface-0.0.1-py3.10.egg-info/top_level.txt
-- Installing: /home/liujiawei/Desktop/schoolmatch_demo/install/tdt_interface/local/lib/python3.10/dist-packages/tdt_interface
-- Installing: /home/liujiawei/Desktop/schoolmatch_demo/install/tdt_interface/local/lib/python3.10/dist-packages/tdt_interface/_tdt_interface_s.ep.rosidl_typesupport_introspection_c.c
-- Installing: /home/liujiawei/Desktop/schoolmatch_demo/install/tdt_interface/local/lib/python3.10/dist-packages/tdt_interface/_tdt_interface_s.ep.rosidl_typesupport_fastrtps_c.c
-- Installing: /home/liujiawei/Desktop/schoolmatch_demo/install/tdt_interface/local/lib/python3.10/dist-packages/tdt_interface/msg
-- Installing: /home/liujiawei/Desktop/schoolmatch_demo/install/tdt_interface/local/lib/python3.10/dist-packages/tdt_interface/msg/_send_data_s.c
-- Installing: /home/liujiawei/Desktop/schoolmatch_demo/install/tdt_interface/local/lib/python3.10/dist-packages/tdt_interface/msg/__init__.py
-- Installing: /home/liujiawei/Desktop/schoolmatch_demo/install/tdt_interface/local/lib/python3.10/dist-packages/tdt_interface/msg/_send_data.py
-- Installing: /home/liujiawei/Desktop/schoolmatch_demo/install/tdt_interface/local/lib/python3.10/dist-packages/tdt_interface/msg/_receive_data_s.c
-- Installing: /home/liujiawei/Desktop/schoolmatch_demo/install/tdt_interface/local/lib/python3.10/dist-packages/tdt_interface/msg/_receive_data.py
-- Installing: /home/liujiawei/Desktop/schoolmatch_demo/install/tdt_interface/local/lib/python3.10/dist-packages/tdt_interface/__init__.py
-- Installing: /home/liujiawei/Desktop/schoolmatch_demo/install/tdt_interface/local/lib/python3.10/dist-packages/tdt_interface/tdt_interface_s__rosidl_typesupport_c.cpython-310-x86_64-linux-gnu.so
-- Installing: /home/liujiawei/Desktop/schoolmatch_demo/install/tdt_interface/local/lib/python3.10/dist-packages/tdt_interface/tdt_interface_s__rosidl_typesupport_fastrtps_c.cpython-310-x86_64-linux-gnu.so
-- Installing: /home/liujiawei/Desktop/schoolmatch_demo/install/tdt_interface/local/lib/python3.10/dist-packages/tdt_interface/_tdt_interface_s.ep.rosidl_typesupport_c.c
-- Installing: /home/liujiawei/Desktop/schoolmatch_demo/install/tdt_interface/local/lib/python3.10/dist-packages/tdt_interface/libtdt_interface__rosidl_generator_py.so
-- Installing: /home/liujiawei/Desktop/schoolmatch_demo/install/tdt_interface/local/lib/python3.10/dist-packages/tdt_interface/tdt_interface_s__rosidl_typesupport_introspection_c.cpython-310-x86_64-linux-gnu.so
Listing '/home/liujiawei/Desktop/schoolmatch_demo/install/tdt_interface/local/lib/python3.10/dist-packages/tdt_interface'...
Compiling '/home/liujiawei/Desktop/schoolmatch_demo/install/tdt_interface/local/lib/python3.10/dist-packages/tdt_interface/__init__.py'...
Listing '/home/liujiawei/Desktop/schoolmatch_demo/install/tdt_interface/local/lib/python3.10/dist-packages/tdt_interface/msg'...
Compiling '/home/liujiawei/Desktop/schoolmatch_demo/install/tdt_interface/local/lib/python3.10/dist-packages/tdt_interface/msg/__init__.py'...
Compiling '/home/liujiawei/Desktop/schoolmatch_demo/install/tdt_interface/local/lib/python3.10/dist-packages/tdt_interface/msg/_receive_data.py'...
Compiling '/home/liujiawei/Desktop/schoolmatch_demo/install/tdt_interface/local/lib/python3.10/dist-packages/tdt_interface/msg/_send_data.py'...
-- Installing: /home/liujiawei/Desktop/schoolmatch_demo/install/tdt_interface/local/lib/python3.10/dist-packages/tdt_interface/tdt_interface_s__rosidl_typesupport_fastrtps_c.cpython-310-x86_64-linux-gnu.so
-- Set non-toolchain portion of runtime path of "/home/liujiawei/Desktop/schoolmatch_demo/install/tdt_interface/local/lib/python3.10/dist-packages/tdt_interface/tdt_interface_s__rosidl_typesupport_fastrtps_c.cpython-310-x86_64-linux-gnu.so" to ""
-- Installing: /home/liujiawei/Desktop/schoolmatch_demo/install/tdt_interface/local/lib/python3.10/dist-packages/tdt_interface/tdt_interface_s__rosidl_typesupport_introspection_c.cpython-310-x86_64-linux-gnu.so
-- Set non-toolchain portion of runtime path of "/home/liujiawei/Desktop/schoolmatch_demo/install/tdt_interface/local/lib/python3.10/dist-packages/tdt_interface/tdt_interface_s__rosidl_typesupport_introspection_c.cpython-310-x86_64-linux-gnu.so" to ""
-- Installing: /home/liujiawei/Desktop/schoolmatch_demo/install/tdt_interface/local/lib/python3.10/dist-packages/tdt_interface/tdt_interface_s__rosidl_typesupport_c.cpython-310-x86_64-linux-gnu.so
-- Set non-toolchain portion of runtime path of "/home/liujiawei/Desktop/schoolmatch_demo/install/tdt_interface/local/lib/python3.10/dist-packages/tdt_interface/tdt_interface_s__rosidl_typesupport_c.cpython-310-x86_64-linux-gnu.so" to ""
-- Installing: /home/liujiawei/Desktop/schoolmatch_demo/install/tdt_interface/lib/libtdt_interface__rosidl_generator_py.so
-- Set non-toolchain portion of runtime path of "/home/liujiawei/Desktop/schoolmatch_demo/install/tdt_interface/lib/libtdt_interface__rosidl_generator_py.so" to ""
-- Installing: /home/liujiawei/Desktop/schoolmatch_demo/install/tdt_interface/share/tdt_interface/msg/SendData.idl
-- Installing: /home/liujiawei/Desktop/schoolmatch_demo/install/tdt_interface/share/tdt_interface/msg/ReceiveData.idl
-- Installing: /home/liujiawei/Desktop/schoolmatch_demo/install/tdt_interface/share/tdt_interface/msg/SendData.msg
-- Installing: /home/liujiawei/Desktop/schoolmatch_demo/install/tdt_interface/share/tdt_interface/msg/ReceiveData.msg
-- Up-to-date: /home/liujiawei/Desktop/schoolmatch_demo/install/tdt_interface/share/tdt_interface//msg
-- Up-to-date: /home/liujiawei/Desktop/schoolmatch_demo/install/tdt_interface/share/tdt_interface//msg/SendData.msg
-- Up-to-date: /home/liujiawei/Desktop/schoolmatch_demo/install/tdt_interface/share/tdt_interface//msg/ReceiveData.msg
-- Installing: /home/liujiawei/Desktop/schoolmatch_demo/install/tdt_interface/share/ament_index/resource_index/package_run_dependencies/tdt_interface
-- Installing: /home/liujiawei/Desktop/schoolmatch_demo/install/tdt_interface/share/ament_index/resource_index/parent_prefix_path/tdt_interface
-- Installing: /home/liujiawei/Desktop/schoolmatch_demo/install/tdt_interface/share/tdt_interface/environment/ament_prefix_path.sh
-- Installing: /home/liujiawei/Desktop/schoolmatch_demo/install/tdt_interface/share/tdt_interface/environment/ament_prefix_path.dsv
-- Installing: /home/liujiawei/Desktop/schoolmatch_demo/install/tdt_interface/share/tdt_interface/environment/path.sh
-- Installing: /home/liujiawei/Desktop/schoolmatch_demo/install/tdt_interface/share/tdt_interface/environment/path.dsv
-- Installing: /home/liujiawei/Desktop/schoolmatch_demo/install/tdt_interface/share/tdt_interface/local_setup.bash
-- Installing: /home/liujiawei/Desktop/schoolmatch_demo/install/tdt_interface/share/tdt_interface/local_setup.sh
-- Installing: /home/liujiawei/Desktop/schoolmatch_demo/install/tdt_interface/share/tdt_interface/local_setup.zsh
-- Installing: /home/liujiawei/Desktop/schoolmatch_demo/install/tdt_interface/share/tdt_interface/local_setup.dsv
-- Installing: /home/liujiawei/Desktop/schoolmatch_demo/install/tdt_interface/share/tdt_interface/package.dsv
-- Installing: /home/liujiawei/Desktop/schoolmatch_demo/install/tdt_interface/share/ament_index/resource_index/packages/tdt_interface
-- Installing: /home/liujiawei/Desktop/schoolmatch_demo/install/tdt_interface/share/tdt_interface/cmake/export_tdt_interface__rosidl_generator_cExport.cmake
-- Installing: /home/liujiawei/Desktop/schoolmatch_demo/install/tdt_interface/share/tdt_interface/cmake/export_tdt_interface__rosidl_generator_cExport-noconfig.cmake
-- Installing: /home/liujiawei/Desktop/schoolmatch_demo/install/tdt_interface/share/tdt_interface/cmake/export_tdt_interface__rosidl_typesupport_fastrtps_cExport.cmake
-- Installing: /home/liujiawei/Desktop/schoolmatch_demo/install/tdt_interface/share/tdt_interface/cmake/export_tdt_interface__rosidl_typesupport_fastrtps_cExport-noconfig.cmake
-- Installing: /home/liujiawei/Desktop/schoolmatch_demo/install/tdt_interface/share/tdt_interface/cmake/export_tdt_interface__rosidl_generator_cppExport.cmake
-- Installing: /home/liujiawei/Desktop/schoolmatch_demo/install/tdt_interface/share/tdt_interface/cmake/export_tdt_interface__rosidl_typesupport_fastrtps_cppExport.cmake
-- Installing: /home/liujiawei/Desktop/schoolmatch_demo/install/tdt_interface/share/tdt_interface/cmake/export_tdt_interface__rosidl_typesupport_fastrtps_cppExport-noconfig.cmake
-- Installing: /home/liujiawei/Desktop/schoolmatch_demo/install/tdt_interface/share/tdt_interface/cmake/tdt_interface__rosidl_typesupport_introspection_cExport.cmake
-- Installing: /home/liujiawei/Desktop/schoolmatch_demo/install/tdt_interface/share/tdt_interface/cmake/tdt_interface__rosidl_typesupport_introspection_cExport-noconfig.cmake
-- Installing: /home/liujiawei/Desktop/schoolmatch_demo/install/tdt_interface/share/tdt_interface/cmake/tdt_interface__rosidl_typesupport_cExport.cmake
-- Installing: /home/liujiawei/Desktop/schoolmatch_demo/install/tdt_interface/share/tdt_interface/cmake/tdt_interface__rosidl_typesupport_cExport-noconfig.cmake
-- Installing: /home/liujiawei/Desktop/schoolmatch_demo/install/tdt_interface/share/tdt_interface/cmake/tdt_interface__rosidl_typesupport_introspection_cppExport.cmake
-- Installing: /home/liujiawei/Desktop/schoolmatch_demo/install/tdt_interface/share/tdt_interface/cmake/tdt_interface__rosidl_typesupport_introspection_cppExport-noconfig.cmake
-- Installing: /home/liujiawei/Desktop/schoolmatch_demo/install/tdt_interface/share/tdt_interface/cmake/tdt_interface__rosidl_typesupport_cppExport.cmake
-- Installing: /home/liujiawei/Desktop/schoolmatch_demo/install/tdt_interface/share/tdt_interface/cmake/tdt_interface__rosidl_typesupport_cppExport-noconfig.cmake
-- Installing: /home/liujiawei/Desktop/schoolmatch_demo/install/tdt_interface/share/tdt_interface/cmake/export_tdt_interface__rosidl_generator_pyExport.cmake
-- Installing: /home/liujiawei/Desktop/schoolmatch_demo/install/tdt_interface/share/tdt_interface/cmake/export_tdt_interface__rosidl_generator_pyExport-noconfig.cmake
-- Installing: /home/liujiawei/Desktop/schoolmatch_demo/install/tdt_interface/share/tdt_interface/cmake/rosidl_cmake-extras.cmake
-- Installing: /home/liujiawei/Desktop/schoolmatch_demo/install/tdt_interface/share/tdt_interface/cmake/ament_cmake_export_dependencies-extras.cmake
-- Installing: /home/liujiawei/Desktop/schoolmatch_demo/install/tdt_interface/share/tdt_interface/cmake/ament_cmake_export_include_directories-extras.cmake
-- Installing: /home/liujiawei/Desktop/schoolmatch_demo/install/tdt_interface/share/tdt_interface/cmake/ament_cmake_export_libraries-extras.cmake
-- Installing: /home/liujiawei/Desktop/schoolmatch_demo/install/tdt_interface/share/tdt_interface/cmake/ament_cmake_export_targets-extras.cmake
-- Installing: /home/liujiawei/Desktop/schoolmatch_demo/install/tdt_interface/share/tdt_interface/cmake/rosidl_cmake_export_typesupport_targets-extras.cmake
-- Installing: /home/liujiawei/Desktop/schoolmatch_demo/install/tdt_interface/share/tdt_interface/cmake/rosidl_cmake_export_typesupport_libraries-extras.cmake
-- Installing: /home/liujiawei/Desktop/schoolmatch_demo/install/tdt_interface/share/tdt_interface/cmake/tdt_interfaceConfig.cmake
-- Installing: /home/liujiawei/Desktop/schoolmatch_demo/install/tdt_interface/share/tdt_interface/cmake/tdt_interfaceConfig-version.cmake
-- Installing: /home/liujiawei/Desktop/schoolmatch_demo/install/tdt_interface/share/tdt_interface/package.xml
